The system is: Windows - 10.0.19043 - AMD64
Compiling the C compiler identification source file "CMakeCCompilerId.c" succeeded.
Compiler: E:/Microsoft Visual Studio/2022/Enterprise/VC/Tools/MSVC/14.33.31629/bin/Hostx86/x86/cl.exe 
Build flags: 
Id flags:  

The output was:
0
Microsoft (R) C/C++ Optimizing Compiler Version 19.33.31630 for x86
Copyright (C) Microsoft Corporation.  All rights reserved.

CMakeCCompilerId.c
Microsoft (R) Incremental Linker Version 14.33.31630.0
Copyright (C) Microsoft Corporation.  All rights reserved.

/out:CMakeCCompilerId.exe 
CMakeCCompilerId.obj 


Compilation of the C compiler identification source "CMakeCCompilerId.c" produced "CMakeCCompilerId.exe"

Compilation of the C compiler identification source "CMakeCCompilerId.c" produced "CMakeCCompilerId.obj"

The C compiler identification is MSVC, found in "C:/Users/User/Desktop/Python for Geomatics/nbody/cmake-build-release/CMakeFiles/3.23.2/CompilerIdC/CMakeCCompilerId.exe"

Compiling the CXX compiler identification source file "CMakeCXXCompilerId.cpp" succeeded.
Compiler: E:/Microsoft Visual Studio/2022/Enterprise/VC/Tools/MSVC/14.33.31629/bin/Hostx86/x86/cl.exe 
Build flags: 
Id flags:  

The output was:
0
Microsoft (R) C/C++ Optimizing Compiler Version 19.33.31630 for x86
Copyright (C) Microsoft Corporation.  All rights reserved.

CMakeCXXCompilerId.cpp
Microsoft (R) Incremental Linker Version 14.33.31630.0
Copyright (C) Microsoft Corporation.  All rights reserved.

/out:CMakeCXXCompilerId.exe 
CMakeCXXCompilerId.obj 


Compilation of the CXX compiler identification source "CMakeCXXCompilerId.cpp" produced "CMakeCXXCompilerId.exe"

Compilation of the CXX compiler identification source "CMakeCXXCompilerId.cpp" produced "CMakeCXXCompilerId.obj"

The CXX compiler identification is MSVC, found in "C:/Users/User/Desktop/Python for Geomatics/nbody/cmake-build-release/CMakeFiles/3.23.2/CompilerIdCXX/CMakeCXXCompilerId.exe"

Detecting C compiler ABI info compiled with the following output:
Change Dir: C:/Users/User/Desktop/Python for Geomatics/nbody/cmake-build-release/CMakeFiles/CMakeTmp

Run Build Command(s):nmake -f Makefile /nologo cmTC_e55c8\fast && 	"E:\Microsoft Visual Studio\2022\Enterprise\VC\Tools\MSVC\14.33.31629\bin\HostX86\x86\nmake.exe"  -f CMakeFiles\cmTC_e55c8.dir\build.make /nologo -L                  CMakeFiles\cmTC_e55c8.dir\build
Building C object CMakeFiles/cmTC_e55c8.dir/CMakeCCompilerABI.c.obj
	"C:\Program Files\JetBrains\CLion 2022.2.4\bin\cmake\win\bin\cmake.exe" -E cmake_cl_compile_depends --dep-file=CMakeFiles\cmTC_e55c8.dir\CMakeCCompilerABI.c.obj.d --working-dir="C:\Users\User\Desktop\Python for Geomatics\nbody\cmake-build-release\CMakeFiles\CMakeTmp" --filter-prefix="Note: including file: " -- "E:\Microsoft Visual Studio\2022\Enterprise\VC\Tools\MSVC\14.33.31629\bin\Hostx86\x86\cl.exe" @C:\Users\User\AppData\Local\Temp\nm2998.tmp
CMakeCCompilerABI.c
Linking C executable cmTC_e55c8.exe
	"C:\Program Files\JetBrains\CLion 2022.2.4\bin\cmake\win\bin\cmake.exe" -E vs_link_exe --intdir=CMakeFiles\cmTC_e55c8.dir --rc="E:\Windows Kits\10\bin\10.0.19041.0\x86\rc.exe" --mt="E:\Windows Kits\10\bin\10.0.19041.0\x86\mt.exe" --manifests -- "E:\Microsoft Visual Studio\2022\Enterprise\VC\Tools\MSVC\14.33.31629\bin\Hostx86\x86\link.exe" /nologo @CMakeFiles\cmTC_e55c8.dir\objects1.rsp @C:\Users\User\AppData\Local\Temp\nm2C2A.tmp



Detecting CXX compiler ABI info compiled with the following output:
Change Dir: C:/Users/User/Desktop/Python for Geomatics/nbody/cmake-build-release/CMakeFiles/CMakeTmp

Run Build Command(s):nmake -f Makefile /nologo cmTC_52b1d\fast && 	"E:\Microsoft Visual Studio\2022\Enterprise\VC\Tools\MSVC\14.33.31629\bin\HostX86\x86\nmake.exe"  -f CMakeFiles\cmTC_52b1d.dir\build.make /nologo -L                  CMakeFiles\cmTC_52b1d.dir\build
Building CXX object CMakeFiles/cmTC_52b1d.dir/CMakeCXXCompilerABI.cpp.obj
	"C:\Program Files\JetBrains\CLion 2022.2.4\bin\cmake\win\bin\cmake.exe" -E cmake_cl_compile_depends --dep-file=CMakeFiles\cmTC_52b1d.dir\CMakeCXXCompilerABI.cpp.obj.d --working-dir="C:\Users\User\Desktop\Python for Geomatics\nbody\cmake-build-release\CMakeFiles\CMakeTmp" --filter-prefix="Note: including file: " -- "E:\Microsoft Visual Studio\2022\Enterprise\VC\Tools\MSVC\14.33.31629\bin\Hostx86\x86\cl.exe" @C:\Users\User\AppData\Local\Temp\nm333D.tmp
CMakeCXXCompilerABI.cpp
Linking CXX executable cmTC_52b1d.exe
	"C:\Program Files\JetBrains\CLion 2022.2.4\bin\cmake\win\bin\cmake.exe" -E vs_link_exe --intdir=CMakeFiles\cmTC_52b1d.dir --rc="E:\Windows Kits\10\bin\10.0.19041.0\x86\rc.exe" --mt="E:\Windows Kits\10\bin\10.0.19041.0\x86\mt.exe" --manifests -- "E:\Microsoft Visual Studio\2022\Enterprise\VC\Tools\MSVC\14.33.31629\bin\Hostx86\x86\link.exe" /nologo @CMakeFiles\cmTC_52b1d.dir\objects1.rsp @C:\Users\User\AppData\Local\Temp\nm3448.tmp



